0 info it worked if it ends with ok
1 verbose cli [ '/usr/local/bin/node',
1 verbose cli   '/usr/local/bin/npm',
1 verbose cli   'run',
1 verbose cli   'prepublishOnly' ]
2 info using npm@4.1.2
3 info using node@v7.6.0
4 verbose run-script [ 'prepublishOnly' ]
5 info lifecycle taro-ui@1.2.3~prepublishOnly: taro-ui@1.2.3
6 verbose lifecycle taro-ui@1.2.3~prepublishOnly: unsafe-perm in lifecycle true
7 verbose lifecycle taro-ui@1.2.3~prepublishOnly: PATH: /usr/local/lib/node_modules/npm/bin/node-gyp-bin:/Users/seven/Desktop/taro-ui/node_modules/.bin:/usr/local/bin:/usr/bin:/bin:/usr/sbin:/sbin:/usr/local/git/bin
8 verbose lifecycle taro-ui@1.2.3~prepublishOnly: CWD: /Users/seven/Desktop/taro-ui
9 silly lifecycle taro-ui@1.2.3~prepublishOnly: Args: [ '-c', 'npm run build:component' ]
10 silly lifecycle taro-ui@1.2.3~prepublishOnly: Returned: code: 1  signal: null
11 info lifecycle taro-ui@1.2.3~prepublishOnly: Failed to exec prepublishOnly script
12 verbose stack Error: taro-ui@1.2.3 prepublishOnly: `npm run build:component`
12 verbose stack Exit status 1
12 verbose stack     at EventEmitter.<anonymous> (/usr/local/lib/node_modules/npm/lib/utils/lifecycle.js:279:16)
12 verbose stack     at emitTwo (events.js:106:13)
12 verbose stack     at EventEmitter.emit (events.js:192:7)
12 verbose stack     at ChildProcess.<anonymous> (/usr/local/lib/node_modules/npm/lib/utils/spawn.js:40:14)
12 verbose stack     at emitTwo (events.js:106:13)
12 verbose stack     at ChildProcess.emit (events.js:192:7)
12 verbose stack     at maybeClose (internal/child_process.js:890:16)
12 verbose stack     at Process.ChildProcess._handle.onexit (internal/child_process.js:226:5)
13 verbose pkgid taro-ui@1.2.3
14 verbose cwd /Users/seven/Desktop/taro-ui
15 error Darwin 17.7.0
16 error argv "/usr/local/bin/node" "/usr/local/bin/npm" "run" "prepublishOnly"
17 error node v7.6.0
18 error npm  v4.1.2
19 error code ELIFECYCLE
20 error taro-ui@1.2.3 prepublishOnly: `npm run build:component`
20 error Exit status 1
21 error Failed at the taro-ui@1.2.3 prepublishOnly script 'npm run build:component'.
21 error Make sure you have the latest version of node.js and npm installed.
21 error If you do, this is most likely a problem with the taro-ui package,
21 error not with npm itself.
21 error Tell the author that this fails on your system:
21 error     npm run build:component
21 error You can get information on how to open an issue for this project with:
21 error     npm bugs taro-ui
21 error Or if that isn't available, you can get their info via:
21 error     npm owner ls taro-ui
21 error There is likely additional logging output above.
22 verbose exit [ 1, true ]
